Using pre-set license
Built from '2020.3/staging' branch; Version is '2020.3.19f1 (68f137dc9bbe) revision 6877495'; Using compiler version '192528614'; Build Type 'Release'
OS: 'Windows 10 Pro; OS build 18362.1256; Version 1903; 64bit' Language: 'en' Physical Memory: 16336 MB
BatchMode: 1, IsHumanControllingUs: 0, StartBugReporterOnCrash: 0, Is64bit: 1, IsPro: 0

COMMAND LINE ARGUMENTS:
C:\Program Files\Unity\Editor\2020.3.19f1\Editor\Unity.exe
-adb2
-batchMode
-noUpm
-name
AssetImportWorker0
-projectPath
G:/FPGL/BrainJam003
-logFile
Logs/AssetImportWorker0.log
-srvPort
61505
Successfully changed project path to: G:/FPGL/BrainJam003
G:/FPGL/BrainJam003
Using Asset Import Pipeline V2.
Refreshing native plugins compatible for Editor in 120.59 ms, found 2 plugins.
Preloading 0 native plugins for Editor in 0.00 ms.
Initialize engine version: 2020.3.19f1 (68f137dc9bbe)
[Subsystems] Discovering subsystems at path C:/Program Files/Unity/Editor/2020.3.19f1/Editor/Data/Resources/UnitySubsystems
[Subsystems] Discovering subsystems at path G:/FPGL/BrainJam003/Assets
GfxDevice: creating device client; threaded=0
Direct3D:
    Version:  Direct3D 11.0 [level 11.0]
    Renderer: NVIDIA GeForce GT 730 (ID=0x1287)
    Vendor:   
    VRAM:     2007 MB
    Driver:   26.21.14.3200
Initialize mono
Mono path[0] = 'C:/Program Files/Unity/Editor/2020.3.19f1/Editor/Data/Managed'
Mono path[1] = 'C:/Program Files/Unity/Editor/2020.3.19f1/Editor/Data/MonoBleedingEdge/lib/mono/unityjit'
Mono config path = 'C:/Program Files/Unity/Editor/2020.3.19f1/Editor/Data/MonoBleedingEdge/etc'
Using monoOptions --debugger-agent=transport=dt_socket,embedding=1,server=y,suspend=n,address=127.0.0.1:56228
Begin MonoManager ReloadAssembly
Registering precompiled unity dll's ...
Register platform support module: C:/Program Files/Unity/Editor/2020.3.19f1/Editor/Data/PlaybackEngines/WebGLSupport/UnityEditor.WebGL.Extensions.dll
Register platform support module: C:/Program Files/Unity/Editor/2020.3.19f1/Editor/Data/PlaybackEngines/WindowsStandaloneSupport/UnityEditor.WindowsStandalone.Extensions.dll
Registered in 0.002507 seconds.
Native extension for WindowsStandalone target not found
Native extension for WebGL target not found
Refreshing native plugins compatible for Editor in 107.57 ms, found 2 plugins.
Preloading 0 native plugins for Editor in 0.00 ms.
Mono: successfully reloaded assembly
- Completed reload, in  2.224 seconds
Domain Reload Profiling:
	ReloadAssembly (2224ms)
		BeginReloadAssembly (68ms)
			ExecutionOrderSort (0ms)
			DisableScriptedObjects (0ms)
			BackupInstance (0ms)
			ReleaseScriptingObjects (0ms)
			CreateAndSetChildDomain (1ms)
		EndReloadAssembly (540ms)
			LoadAssemblies (65ms)
			RebuildTransferFunctionScriptingTraits (0ms)
			SetupTypeCache (172ms)
			ReleaseScriptCaches (0ms)
			RebuildScriptCaches (36ms)
			SetupLoadedEditorAssemblies (258ms)
				LogAssemblyErrors (0ms)
				InitializePlatformSupportModulesInManaged (5ms)
				SetLoadedEditorAssemblies (1ms)
				RefreshPlugins (108ms)
				BeforeProcessingInitializeOnLoad (19ms)
				ProcessInitializeOnLoadAttributes (92ms)
				ProcessInitializeOnLoadMethodAttributes (32ms)
				AfterProcessingInitializeOnLoad (0ms)
				EditorAssembliesLoaded (0ms)
			ExecutionOrderSort2 (0ms)
			AwakeInstancesAfterBackupRestoration (0ms)
Platform modules already initialized, skipping
Registering precompiled user dll's ...
Registered in 0.005377 seconds.
Begin MonoManager ReloadAssembly
Native extension for WindowsStandalone target not found
Native extension for WebGL target not found
Refreshing native plugins compatible for Editor in 1.02 ms, found 2 plugins.
Preloading 0 native plugins for Editor in 0.00 ms.
There were some problems trying to locate where Odin was installed, please read the messages below.
- Odin was not found in it's default location: 'Assets/Plugins/Sirenix/'.
- No SirenixPathLookupScriptableObject with the Guid: '08379ccefc05200459f90a1c0711a340' was found.
- We were unable to find Odin elsewhere. Please re-import Odin and make sure the OdinPathLookup.asset is included.
UnityEngine.StackTraceUtility:ExtractStackTrace ()
UnityEngine.DebugLogHandler:LogFormat (UnityEngine.LogType,UnityEngine.Object,string,object[])
UnityEngine.Logger:Log (UnityEngine.LogType,object)
UnityEngine.Debug:LogError (object)
Sirenix.Utilities.SirenixAssetPaths:.cctor () (at Y:/Repositories/sirenix-development-framework/Sirenix Solution/Sirenix.Utilities/Misc/SirenixAssetPaths.cs:165)
Sirenix.Utilities.SirenixGlobalConfigAttribute:.ctor () (at Y:/Repositories/sirenix-development-framework/Sirenix Solution/Sirenix.Utilities/Misc/SirenixGlobalConfigAttribute.cs:20)
System.MonoCustomAttrs:GetCustomAttributesBase (System.Reflection.ICustomAttributeProvider,System.Type,bool)
System.MonoCustomAttrs:GetCustomAttributes (System.Reflection.ICustomAttributeProvider,System.Type,bool)
System.RuntimeType:GetCustomAttributes (System.Type,bool)
Sirenix.Utilities.TypeExtensions:GetCustomAttribute<Sirenix.Utilities.GlobalConfigAttribute> (System.Type,bool) (at Y:/Repositories/sirenix-development-framework/Sirenix Solution/Sirenix.Utilities/Extensions/TypeExtensions.cs:1310)
Sirenix.Utilities.TypeExtensions:GetCustomAttribute<Sirenix.Utilities.GlobalConfigAttribute> (System.Type) (at Y:/Repositories/sirenix-development-framework/Sirenix Solution/Sirenix.Utilities/Extensions/TypeExtensions.cs:1321)
Sirenix.Utilities.GlobalConfig`1<Sirenix.Serialization.GlobalSerializationConfig>:get_ConfigAttribute () (at Y:/Repositories/sirenix-development-framework/Sirenix Solution/Sirenix.Utilities/Misc/GlobalConfig.cs:52)
Sirenix.Utilities.GlobalConfig`1<Sirenix.Serialization.GlobalSerializationConfig>:LoadInstanceIfAssetExists () (at Y:/Repositories/sirenix-development-framework/Sirenix Solution/Sirenix.Utilities/Misc/GlobalConfig.cs:188)
Sirenix.Serialization.UnitySerializationInitializer:Initialize () (at Y:/Repositories/sirenix-development-framework/OdinSerializer/OdinSerializer/Unity Integration/UnitySerializationInitializer.cs:51)
Sirenix.Serialization.UnitySerializationInitializer:InitializeEditor () (at Y:/Repositories/sirenix-development-framework/OdinSerializer/OdinSerializer/Unity Integration/UnitySerializationInitializer.cs:96)
System.Reflection.MonoMethod:Invoke (object,System.Reflection.BindingFlags,System.Reflection.Binder,object[],System.Globalization.CultureInfo)
System.Reflection.MethodBase:Invoke (object,object[])
UnityEditor.EditorAssemblies:ProcessInitializeOnLoadMethodAttributes ()

(Filename: Y:/Repositories/sirenix-development-framework/Sirenix Solution/Sirenix.Utilities/Misc/SirenixAssetPaths.cs Line: 165)

Mono: successfully reloaded assembly
- Completed reload, in  1.872 seconds
Domain Reload Profiling:
	ReloadAssembly (1873ms)
		BeginReloadAssembly (159ms)
			ExecutionOrderSort (0ms)
			DisableScriptedObjects (5ms)
			BackupInstance (0ms)
			ReleaseScriptingObjects (0ms)
			CreateAndSetChildDomain (21ms)
		EndReloadAssembly (1644ms)
			LoadAssemblies (99ms)
			RebuildTransferFunctionScriptingTraits (0ms)
			SetupTypeCache (343ms)
			ReleaseScriptCaches (0ms)
			RebuildScriptCaches (49ms)
			SetupLoadedEditorAssemblies (1047ms)
				LogAssemblyErrors (0ms)
				InitializePlatformSupportModulesInManaged (6ms)
				SetLoadedEditorAssemblies (1ms)
				RefreshPlugins (1ms)
				BeforeProcessingInitializeOnLoad (84ms)
				ProcessInitializeOnLoadAttributes (777ms)
				ProcessInitializeOnLoadMethodAttributes (171ms)
				AfterProcessingInitializeOnLoad (7ms)
				EditorAssembliesLoaded (0ms)
			ExecutionOrderSort2 (0ms)
			AwakeInstancesAfterBackupRestoration (7ms)
Platform modules already initialized, skipping
========================================================================
Worker process is ready to serve import requests
Launched and connected shader compiler UnityShaderCompiler.exe after 0.08 seconds
Refreshing native plugins compatible for Editor in 1.24 ms, found 2 plugins.
Preloading 0 native plugins for Editor in 0.00 ms.
Unloading 1570 Unused Serialized files (Serialized files now loaded: 0)
System memory in use before: 131.7 MB.
System memory in use after: 128.1 MB.

Unloading 33 unused Assets to reduce memory usage. Loaded Objects now: 2056.
Total: 28.317500 ms (FindLiveObjects: 0.170300 ms CreateObjectMapping: 0.054600 ms MarkObjects: 26.198600 ms  DeleteObjects: 1.892100 ms)

AssetImportParameters requested are different than current active one (requested -> active):
  custom:framework-win-MediaFoundation: 216162199b28c13a410421893ffa2e32 -> 
  custom:video-decoder-ogg-theora: a1e56fd34408186e4bbccfd4996cb3dc -> 
  custom:container-muxer-webm: aa71ff27fc2769a1b78a27578f13a17b -> 
  custom:container-demuxer-webm: 4f35f7cbe854078d1ac9338744f61a02 -> 
  custom:container-demuxer-ogg: 62fdf1f143b41e24485cea50d1cbac27 -> 
  custom:video-encoder-webm-vp8: eb34c28f22e8b96e1ab97ce403110664 -> 
  custom:video-decoder-webm-vp8: 9c59270c3fd7afecdb556c50c9e8de78 -> 
  custom:audio-decoder-ogg-vorbis: bf7c407c2cedff20999df2af8eb42d56 -> 
  custom:audio-encoder-webm-vorbis: bf7c407c2cedff20999df2af8eb42d56 -> 
========================================================================
Received Import Request.
  path: Assets/story.unity
  artifactKey: Guid(55d89049e6e127e47a93db960850408c) Importer(815301076,1909f56bfc062723c751e8b465ee728b)
Start importing Assets/story.unity using Guid(55d89049e6e127e47a93db960850408c) Importer(815301076,1909f56bfc062723c751e8b465ee728b)  -> (artifact id: 'b823e0d3a11e7bf83ab490b338893971') in 0.065193 seconds 
  Import took 0.069271 seconds .

========================================================================
Received Import Request.
  Time since last request: 54.459215 seconds.
  path: Assets/156060__thejack288__jingle-breaking-news-radio.wav
  artifactKey: Guid(9921a1b9160487848b66be7fe46e7ad6) Importer(815301076,1909f56bfc062723c751e8b465ee728b)
Start importing Assets/156060__thejack288__jingle-breaking-news-radio.wav using Guid(9921a1b9160487848b66be7fe46e7ad6) Importer(815301076,1909f56bfc062723c751e8b465ee728b)  -> (artifact id: 'cf6b1ddc70325f8709fab88d60633620') in 0.361254 seconds 
  Import took 0.365291 seconds .

========================================================================
Received Import Request.
  Time since last request: 36.271974 seconds.
  path: Assets/106496163-1587347383188sea_outbreak_total.png
  artifactKey: Guid(af7a7faf9eda6e243826f32f42f115c4) Importer(815301076,1909f56bfc062723c751e8b465ee728b)
Start importing Assets/106496163-1587347383188sea_outbreak_total.png using Guid(af7a7faf9eda6e243826f32f42f115c4) Importer(815301076,1909f56bfc062723c751e8b465ee728b)  -> (artifact id: 'b32db26f2ba5b5185598743c889452ea') in 0.041892 seconds 
  Import took 0.047605 seconds .

========================================================================
Received Import Request.
  Time since last request: 4.165743 seconds.
  path: Assets/106496163-1587347383188sea_outbreak_total.png
  artifactKey: Guid(af7a7faf9eda6e243826f32f42f115c4) Importer(815301076,1909f56bfc062723c751e8b465ee728b)
Start importing Assets/106496163-1587347383188sea_outbreak_total.png using Guid(af7a7faf9eda6e243826f32f42f115c4) Importer(815301076,1909f56bfc062723c751e8b465ee728b)  -> (artifact id: 'a5493e5576c8502956fe349969c2c4a3') in 0.034476 seconds 
  Import took 0.039206 seconds .

========================================================================
Received Prepare
Registering precompiled user dll's ...
Registered in 0.005166 seconds.
Begin MonoManager ReloadAssembly
Native extension for WindowsStandalone target not found
Native extension for WebGL target not found
Refreshing native plugins compatible for Editor in 2.07 ms, found 2 plugins.
Preloading 0 native plugins for Editor in 0.00 ms.
There were some problems trying to locate where Odin was installed, please read the messages below.
- Odin was not found in it's default location: 'Assets/Plugins/Sirenix/'.
- No SirenixPathLookupScriptableObject with the Guid: '08379ccefc05200459f90a1c0711a340' was found.
- We were unable to find Odin elsewhere. Please re-import Odin and make sure the OdinPathLookup.asset is included.
UnityEngine.StackTraceUtility:ExtractStackTrace ()
UnityEngine.DebugLogHandler:LogFormat (UnityEngine.LogType,UnityEngine.Object,string,object[])
UnityEngine.Logger:Log (UnityEngine.LogType,object)
UnityEngine.Debug:LogError (object)
Sirenix.Utilities.SirenixAssetPaths:.cctor () (at Y:/Repositories/sirenix-development-framework/Sirenix Solution/Sirenix.Utilities/Misc/SirenixAssetPaths.cs:165)
Sirenix.Utilities.SirenixGlobalConfigAttribute:.ctor () (at Y:/Repositories/sirenix-development-framework/Sirenix Solution/Sirenix.Utilities/Misc/SirenixGlobalConfigAttribute.cs:20)
System.MonoCustomAttrs:GetCustomAttributesBase (System.Reflection.ICustomAttributeProvider,System.Type,bool)
System.MonoCustomAttrs:GetCustomAttributes (System.Reflection.ICustomAttributeProvider,System.Type,bool)
System.RuntimeType:GetCustomAttributes (System.Type,bool)
Sirenix.Utilities.TypeExtensions:GetCustomAttribute<Sirenix.Utilities.GlobalConfigAttribute> (System.Type,bool) (at Y:/Repositories/sirenix-development-framework/Sirenix Solution/Sirenix.Utilities/Extensions/TypeExtensions.cs:1310)
Sirenix.Utilities.TypeExtensions:GetCustomAttribute<Sirenix.Utilities.GlobalConfigAttribute> (System.Type) (at Y:/Repositories/sirenix-development-framework/Sirenix Solution/Sirenix.Utilities/Extensions/TypeExtensions.cs:1321)
Sirenix.Utilities.GlobalConfig`1<Sirenix.Serialization.GlobalSerializationConfig>:get_ConfigAttribute () (at Y:/Repositories/sirenix-development-framework/Sirenix Solution/Sirenix.Utilities/Misc/GlobalConfig.cs:52)
Sirenix.Utilities.GlobalConfig`1<Sirenix.Serialization.GlobalSerializationConfig>:LoadInstanceIfAssetExists () (at Y:/Repositories/sirenix-development-framework/Sirenix Solution/Sirenix.Utilities/Misc/GlobalConfig.cs:188)
Sirenix.Serialization.UnitySerializationInitializer:Initialize () (at Y:/Repositories/sirenix-development-framework/OdinSerializer/OdinSerializer/Unity Integration/UnitySerializationInitializer.cs:51)
Sirenix.Serialization.UnitySerializationInitializer:InitializeEditor () (at Y:/Repositories/sirenix-development-framework/OdinSerializer/OdinSerializer/Unity Integration/UnitySerializationInitializer.cs:96)
System.Reflection.MonoMethod:Invoke (object,System.Reflection.BindingFlags,System.Reflection.Binder,object[],System.Globalization.CultureInfo)
System.Reflection.MethodBase:Invoke (object,object[])
UnityEditor.EditorAssemblies:ProcessInitializeOnLoadMethodAttributes ()

(Filename: Y:/Repositories/sirenix-development-framework/Sirenix Solution/Sirenix.Utilities/Misc/SirenixAssetPaths.cs Line: 165)

Mono: successfully reloaded assembly
- Completed reload, in  1.794 seconds
Domain Reload Profiling:
	ReloadAssembly (1795ms)
		BeginReloadAssembly (130ms)
			ExecutionOrderSort (0ms)
			DisableScriptedObjects (5ms)
			BackupInstance (0ms)
			ReleaseScriptingObjects (0ms)
			CreateAndSetChildDomain (50ms)
		EndReloadAssembly (1597ms)
			LoadAssemblies (99ms)
			RebuildTransferFunctionScriptingTraits (0ms)
			SetupTypeCache (347ms)
			ReleaseScriptCaches (1ms)
			RebuildScriptCaches (42ms)
			SetupLoadedEditorAssemblies (975ms)
				LogAssemblyErrors (0ms)
				InitializePlatformSupportModulesInManaged (10ms)
				SetLoadedEditorAssemblies (1ms)
				RefreshPlugins (2ms)
				BeforeProcessingInitializeOnLoad (103ms)
				ProcessInitializeOnLoadAttributes (701ms)
				ProcessInitializeOnLoadMethodAttributes (149ms)
				AfterProcessingInitializeOnLoad (8ms)
				EditorAssembliesLoaded (0ms)
			ExecutionOrderSort2 (0ms)
			AwakeInstancesAfterBackupRestoration (8ms)
Platform modules already initialized, skipping
Refreshing native plugins compatible for Editor in 1.54 ms, found 2 plugins.
Preloading 0 native plugins for Editor in 0.00 ms.
Unloading 1500 Unused Serialized files (Serialized files now loaded: 0)
System memory in use before: 143.2 MB.
System memory in use after: 139.6 MB.

Unloading 28 unused Assets to reduce memory usage. Loaded Objects now: 2071.
Total: 37.717500 ms (FindLiveObjects: 0.290300 ms CreateObjectMapping: 0.188400 ms MarkObjects: 34.843300 ms  DeleteObjects: 2.391400 ms)

AssetImportParameters requested are different than current active one (requested -> active):
  custom:framework-win-MediaFoundation: 216162199b28c13a410421893ffa2e32 -> 
  custom:video-decoder-ogg-theora: a1e56fd34408186e4bbccfd4996cb3dc -> 
  custom:container-muxer-webm: aa71ff27fc2769a1b78a27578f13a17b -> 
  custom:container-demuxer-webm: 4f35f7cbe854078d1ac9338744f61a02 -> 
  custom:container-demuxer-ogg: 62fdf1f143b41e24485cea50d1cbac27 -> 
  custom:video-encoder-webm-vp8: eb34c28f22e8b96e1ab97ce403110664 -> 
  custom:video-decoder-webm-vp8: 9c59270c3fd7afecdb556c50c9e8de78 -> 
  custom:audio-decoder-ogg-vorbis: bf7c407c2cedff20999df2af8eb42d56 -> 
  custom:audio-encoder-webm-vorbis: bf7c407c2cedff20999df2af8eb42d56 -> 
========================================================================
Received Prepare
Registering precompiled user dll's ...
Registered in 0.005670 seconds.
Begin MonoManager ReloadAssembly
Native extension for WindowsStandalone target not found
Native extension for WebGL target not found
Refreshing native plugins compatible for Editor in 1.17 ms, found 2 plugins.
Preloading 0 native plugins for Editor in 0.00 ms.
There were some problems trying to locate where Odin was installed, please read the messages below.
- Odin was not found in it's default location: 'Assets/Plugins/Sirenix/'.
- No SirenixPathLookupScriptableObject with the Guid: '08379ccefc05200459f90a1c0711a340' was found.
- We were unable to find Odin elsewhere. Please re-import Odin and make sure the OdinPathLookup.asset is included.
UnityEngine.StackTraceUtility:ExtractStackTrace ()
UnityEngine.DebugLogHandler:LogFormat (UnityEngine.LogType,UnityEngine.Object,string,object[])
UnityEngine.Logger:Log (UnityEngine.LogType,object)
UnityEngine.Debug:LogError (object)
Sirenix.Utilities.SirenixAssetPaths:.cctor () (at Y:/Repositories/sirenix-development-framework/Sirenix Solution/Sirenix.Utilities/Misc/SirenixAssetPaths.cs:165)
Sirenix.Utilities.SirenixGlobalConfigAttribute:.ctor () (at Y:/Repositories/sirenix-development-framework/Sirenix Solution/Sirenix.Utilities/Misc/SirenixGlobalConfigAttribute.cs:20)
System.MonoCustomAttrs:GetCustomAttributesBase (System.Reflection.ICustomAttributeProvider,System.Type,bool)
System.MonoCustomAttrs:GetCustomAttributes (System.Reflection.ICustomAttributeProvider,System.Type,bool)
System.RuntimeType:GetCustomAttributes (System.Type,bool)
Sirenix.Utilities.TypeExtensions:GetCustomAttribute<Sirenix.Utilities.GlobalConfigAttribute> (System.Type,bool) (at Y:/Repositories/sirenix-development-framework/Sirenix Solution/Sirenix.Utilities/Extensions/TypeExtensions.cs:1310)
Sirenix.Utilities.TypeExtensions:GetCustomAttribute<Sirenix.Utilities.GlobalConfigAttribute> (System.Type) (at Y:/Repositories/sirenix-development-framework/Sirenix Solution/Sirenix.Utilities/Extensions/TypeExtensions.cs:1321)
Sirenix.Utilities.GlobalConfig`1<Sirenix.Serialization.GlobalSerializationConfig>:get_ConfigAttribute () (at Y:/Repositories/sirenix-development-framework/Sirenix Solution/Sirenix.Utilities/Misc/GlobalConfig.cs:52)
Sirenix.Utilities.GlobalConfig`1<Sirenix.Serialization.GlobalSerializationConfig>:LoadInstanceIfAssetExists () (at Y:/Repositories/sirenix-development-framework/Sirenix Solution/Sirenix.Utilities/Misc/GlobalConfig.cs:188)
Sirenix.Serialization.UnitySerializationInitializer:Initialize () (at Y:/Repositories/sirenix-development-framework/OdinSerializer/OdinSerializer/Unity Integration/UnitySerializationInitializer.cs:51)
Sirenix.Serialization.UnitySerializationInitializer:InitializeEditor () (at Y:/Repositories/sirenix-development-framework/OdinSerializer/OdinSerializer/Unity Integration/UnitySerializationInitializer.cs:96)
System.Reflection.MonoMethod:Invoke (object,System.Reflection.BindingFlags,System.Reflection.Binder,object[],System.Globalization.CultureInfo)
System.Reflection.MethodBase:Invoke (object,object[])
UnityEditor.EditorAssemblies:ProcessInitializeOnLoadMethodAttributes ()

(Filename: Y:/Repositories/sirenix-development-framework/Sirenix Solution/Sirenix.Utilities/Misc/SirenixAssetPaths.cs Line: 165)

Mono: successfully reloaded assembly
- Completed reload, in  1.992 seconds
Domain Reload Profiling:
	ReloadAssembly (1992ms)
		BeginReloadAssembly (132ms)
			ExecutionOrderSort (0ms)
			DisableScriptedObjects (6ms)
			BackupInstance (0ms)
			ReleaseScriptingObjects (0ms)
			CreateAndSetChildDomain (55ms)
		EndReloadAssembly (1787ms)
			LoadAssemblies (102ms)
			RebuildTransferFunctionScriptingTraits (0ms)
			SetupTypeCache (395ms)
			ReleaseScriptCaches (1ms)
			RebuildScriptCaches (49ms)
			SetupLoadedEditorAssemblies (1100ms)
				LogAssemblyErrors (0ms)
				InitializePlatformSupportModulesInManaged (8ms)
				SetLoadedEditorAssemblies (1ms)
				RefreshPlugins (1ms)
				BeforeProcessingInitializeOnLoad (79ms)
				ProcessInitializeOnLoadAttributes (801ms)
				ProcessInitializeOnLoadMethodAttributes (202ms)
				AfterProcessingInitializeOnLoad (8ms)
				EditorAssembliesLoaded (0ms)
			ExecutionOrderSort2 (0ms)
			AwakeInstancesAfterBackupRestoration (8ms)
Platform modules already initialized, skipping
Refreshing native plugins compatible for Editor in 1.10 ms, found 2 plugins.
Preloading 0 native plugins for Editor in 0.00 ms.
Unloading 1501 Unused Serialized files (Serialized files now loaded: 0)
System memory in use before: 143.5 MB.
System memory in use after: 139.9 MB.

Unloading 28 unused Assets to reduce memory usage. Loaded Objects now: 2074.
Total: 26.810400 ms (FindLiveObjects: 0.208000 ms CreateObjectMapping: 0.054400 ms MarkObjects: 24.662800 ms  DeleteObjects: 1.883300 ms)

AssetImportParameters requested are different than current active one (requested -> active):
  custom:framework-win-MediaFoundation: 216162199b28c13a410421893ffa2e32 -> 
  custom:video-decoder-ogg-theora: a1e56fd34408186e4bbccfd4996cb3dc -> 
  custom:container-muxer-webm: aa71ff27fc2769a1b78a27578f13a17b -> 
  custom:container-demuxer-webm: 4f35f7cbe854078d1ac9338744f61a02 -> 
  custom:container-demuxer-ogg: 62fdf1f143b41e24485cea50d1cbac27 -> 
  custom:video-encoder-webm-vp8: eb34c28f22e8b96e1ab97ce403110664 -> 
  custom:video-decoder-webm-vp8: 9c59270c3fd7afecdb556c50c9e8de78 -> 
  custom:audio-decoder-ogg-vorbis: bf7c407c2cedff20999df2af8eb42d56 -> 
  custom:audio-encoder-webm-vorbis: bf7c407c2cedff20999df2af8eb42d56 -> 
========================================================================
Received Prepare
Registering precompiled user dll's ...
Registered in 0.005560 seconds.
Begin MonoManager ReloadAssembly
Native extension for WindowsStandalone target not found
Native extension for WebGL target not found
Refreshing native plugins compatible for Editor in 1.56 ms, found 2 plugins.
Preloading 0 native plugins for Editor in 0.00 ms.
There were some problems trying to locate where Odin was installed, please read the messages below.
- Odin was not found in it's default location: 'Assets/Plugins/Sirenix/'.
- No SirenixPathLookupScriptableObject with the Guid: '08379ccefc05200459f90a1c0711a340' was found.
- We were unable to find Odin elsewhere. Please re-import Odin and make sure the OdinPathLookup.asset is included.
UnityEngine.StackTraceUtility:ExtractStackTrace ()
UnityEngine.DebugLogHandler:LogFormat (UnityEngine.LogType,UnityEngine.Object,string,object[])
UnityEngine.Logger:Log (UnityEngine.LogType,object)
UnityEngine.Debug:LogError (object)
Sirenix.Utilities.SirenixAssetPaths:.cctor () (at Y:/Repositories/sirenix-development-framework/Sirenix Solution/Sirenix.Utilities/Misc/SirenixAssetPaths.cs:165)
Sirenix.Utilities.SirenixGlobalConfigAttribute:.ctor () (at Y:/Repositories/sirenix-development-framework/Sirenix Solution/Sirenix.Utilities/Misc/SirenixGlobalConfigAttribute.cs:20)
System.MonoCustomAttrs:GetCustomAttributesBase (System.Reflection.ICustomAttributeProvider,System.Type,bool)
System.MonoCustomAttrs:GetCustomAttributes (System.Reflection.ICustomAttributeProvider,System.Type,bool)
System.RuntimeType:GetCustomAttributes (System.Type,bool)
Sirenix.Utilities.TypeExtensions:GetCustomAttribute<Sirenix.Utilities.GlobalConfigAttribute> (System.Type,bool) (at Y:/Repositories/sirenix-development-framework/Sirenix Solution/Sirenix.Utilities/Extensions/TypeExtensions.cs:1310)
Sirenix.Utilities.TypeExtensions:GetCustomAttribute<Sirenix.Utilities.GlobalConfigAttribute> (System.Type) (at Y:/Repositories/sirenix-development-framework/Sirenix Solution/Sirenix.Utilities/Extensions/TypeExtensions.cs:1321)
Sirenix.Utilities.GlobalConfig`1<Sirenix.Serialization.GlobalSerializationConfig>:get_ConfigAttribute () (at Y:/Repositories/sirenix-development-framework/Sirenix Solution/Sirenix.Utilities/Misc/GlobalConfig.cs:52)
Sirenix.Utilities.GlobalConfig`1<Sirenix.Serialization.GlobalSerializationConfig>:LoadInstanceIfAssetExists () (at Y:/Repositories/sirenix-development-framework/Sirenix Solution/Sirenix.Utilities/Misc/GlobalConfig.cs:188)
Sirenix.Serialization.UnitySerializationInitializer:Initialize () (at Y:/Repositories/sirenix-development-framework/OdinSerializer/OdinSerializer/Unity Integration/UnitySerializationInitializer.cs:51)
Sirenix.Serialization.UnitySerializationInitializer:InitializeEditor () (at Y:/Repositories/sirenix-development-framework/OdinSerializer/OdinSerializer/Unity Integration/UnitySerializationInitializer.cs:96)
System.Reflection.MonoMethod:Invoke (object,System.Reflection.BindingFlags,System.Reflection.Binder,object[],System.Globalization.CultureInfo)
System.Reflection.MethodBase:Invoke (object,object[])
UnityEditor.EditorAssemblies:ProcessInitializeOnLoadMethodAttributes ()

(Filename: Y:/Repositories/sirenix-development-framework/Sirenix Solution/Sirenix.Utilities/Misc/SirenixAssetPaths.cs Line: 165)

Mono: successfully reloaded assembly
- Completed reload, in  2.313 seconds
Domain Reload Profiling:
	ReloadAssembly (2314ms)
		BeginReloadAssembly (143ms)
			ExecutionOrderSort (0ms)
			DisableScriptedObjects (6ms)
			BackupInstance (0ms)
			ReleaseScriptingObjects (0ms)
			CreateAndSetChildDomain (60ms)
		EndReloadAssembly (2077ms)
			LoadAssemblies (108ms)
			RebuildTransferFunctionScriptingTraits (0ms)
			SetupTypeCache (396ms)
			ReleaseScriptCaches (1ms)
			RebuildScriptCaches (78ms)
			SetupLoadedEditorAssemblies (1367ms)
				LogAssemblyErrors (0ms)
				InitializePlatformSupportModulesInManaged (8ms)
				SetLoadedEditorAssemblies (1ms)
				RefreshPlugins (2ms)
				BeforeProcessingInitializeOnLoad (93ms)
				ProcessInitializeOnLoadAttributes (1082ms)
				ProcessInitializeOnLoadMethodAttributes (174ms)
				AfterProcessingInitializeOnLoad (8ms)
				EditorAssembliesLoaded (0ms)
			ExecutionOrderSort2 (0ms)
			AwakeInstancesAfterBackupRestoration (8ms)
Platform modules already initialized, skipping
Refreshing native plugins compatible for Editor in 1.70 ms, found 2 plugins.
Preloading 0 native plugins for Editor in 0.00 ms.
Unloading 1501 Unused Serialized files (Serialized files now loaded: 0)
System memory in use before: 143.2 MB.
System memory in use after: 139.7 MB.

Unloading 28 unused Assets to reduce memory usage. Loaded Objects now: 2076.
Total: 28.217000 ms (FindLiveObjects: 0.649300 ms CreateObjectMapping: 0.126200 ms MarkObjects: 25.560600 ms  DeleteObjects: 1.878200 ms)

AssetImportParameters requested are different than current active one (requested -> active):
  custom:framework-win-MediaFoundation: 216162199b28c13a410421893ffa2e32 -> 
  custom:video-decoder-ogg-theora: a1e56fd34408186e4bbccfd4996cb3dc -> 
  custom:container-muxer-webm: aa71ff27fc2769a1b78a27578f13a17b -> 
  custom:container-demuxer-webm: 4f35f7cbe854078d1ac9338744f61a02 -> 
  custom:container-demuxer-ogg: 62fdf1f143b41e24485cea50d1cbac27 -> 
  custom:video-encoder-webm-vp8: eb34c28f22e8b96e1ab97ce403110664 -> 
  custom:video-decoder-webm-vp8: 9c59270c3fd7afecdb556c50c9e8de78 -> 
  custom:audio-decoder-ogg-vorbis: bf7c407c2cedff20999df2af8eb42d56 -> 
  custom:audio-encoder-webm-vorbis: bf7c407c2cedff20999df2af8eb42d56 -> 
========================================================================
Received Prepare
Registering precompiled user dll's ...
Registered in 0.005803 seconds.
Begin MonoManager ReloadAssembly
Native extension for WindowsStandalone target not found
Native extension for WebGL target not found
Refreshing native plugins compatible for Editor in 2.44 ms, found 2 plugins.
Preloading 0 native plugins for Editor in 0.00 ms.
There were some problems trying to locate where Odin was installed, please read the messages below.
- Odin was not found in it's default location: 'Assets/Plugins/Sirenix/'.
- No SirenixPathLookupScriptableObject with the Guid: '08379ccefc05200459f90a1c0711a340' was found.
- We were unable to find Odin elsewhere. Please re-import Odin and make sure the OdinPathLookup.asset is included.
UnityEngine.StackTraceUtility:ExtractStackTrace ()
UnityEngine.DebugLogHandler:LogFormat (UnityEngine.LogType,UnityEngine.Object,string,object[])
UnityEngine.Logger:Log (UnityEngine.LogType,object)
UnityEngine.Debug:LogError (object)
Sirenix.Utilities.SirenixAssetPaths:.cctor () (at Y:/Repositories/sirenix-development-framework/Sirenix Solution/Sirenix.Utilities/Misc/SirenixAssetPaths.cs:165)
Sirenix.Utilities.SirenixGlobalConfigAttribute:.ctor () (at Y:/Repositories/sirenix-development-framework/Sirenix Solution/Sirenix.Utilities/Misc/SirenixGlobalConfigAttribute.cs:20)
System.MonoCustomAttrs:GetCustomAttributesBase (System.Reflection.ICustomAttributeProvider,System.Type,bool)
System.MonoCustomAttrs:GetCustomAttributes (System.Reflection.ICustomAttributeProvider,System.Type,bool)
System.RuntimeType:GetCustomAttributes (System.Type,bool)
Sirenix.Utilities.TypeExtensions:GetCustomAttribute<Sirenix.Utilities.GlobalConfigAttribute> (System.Type,bool) (at Y:/Repositories/sirenix-development-framework/Sirenix Solution/Sirenix.Utilities/Extensions/TypeExtensions.cs:1310)
Sirenix.Utilities.TypeExtensions:GetCustomAttribute<Sirenix.Utilities.GlobalConfigAttribute> (System.Type) (at Y:/Repositories/sirenix-development-framework/Sirenix Solution/Sirenix.Utilities/Extensions/TypeExtensions.cs:1321)
Sirenix.Utilities.GlobalConfig`1<Sirenix.Serialization.GlobalSerializationConfig>:get_ConfigAttribute () (at Y:/Repositories/sirenix-development-framework/Sirenix Solution/Sirenix.Utilities/Misc/GlobalConfig.cs:52)
Sirenix.Utilities.GlobalConfig`1<Sirenix.Serialization.GlobalSerializationConfig>:LoadInstanceIfAssetExists () (at Y:/Repositories/sirenix-development-framework/Sirenix Solution/Sirenix.Utilities/Misc/GlobalConfig.cs:188)
Sirenix.Serialization.UnitySerializationInitializer:Initialize () (at Y:/Repositories/sirenix-development-framework/OdinSerializer/OdinSerializer/Unity Integration/UnitySerializationInitializer.cs:51)
Sirenix.Serialization.UnitySerializationInitializer:InitializeEditor () (at Y:/Repositories/sirenix-development-framework/OdinSerializer/OdinSerializer/Unity Integration/UnitySerializationInitializer.cs:96)
System.Reflection.MonoMethod:Invoke (object,System.Reflection.BindingFlags,System.Reflection.Binder,object[],System.Globalization.CultureInfo)
System.Reflection.MethodBase:Invoke (object,object[])
UnityEditor.EditorAssemblies:ProcessInitializeOnLoadMethodAttributes ()

(Filename: Y:/Repositories/sirenix-development-framework/Sirenix Solution/Sirenix.Utilities/Misc/SirenixAssetPaths.cs Line: 165)

Mono: successfully reloaded assembly
- Completed reload, in  2.010 seconds
Domain Reload Profiling:
	ReloadAssembly (2010ms)
		BeginReloadAssembly (134ms)
			ExecutionOrderSort (0ms)
			DisableScriptedObjects (7ms)
			BackupInstance (0ms)
			ReleaseScriptingObjects (0ms)
			CreateAndSetChildDomain (52ms)
		EndReloadAssembly (1806ms)
			LoadAssemblies (101ms)
			RebuildTransferFunctionScriptingTraits (0ms)
			SetupTypeCache (413ms)
			ReleaseScriptCaches (1ms)
			RebuildScriptCaches (68ms)
			SetupLoadedEditorAssemblies (1039ms)
				LogAssemblyErrors (0ms)
				InitializePlatformSupportModulesInManaged (12ms)
				SetLoadedEditorAssemblies (1ms)
				RefreshPlugins (3ms)
				BeforeProcessingInitializeOnLoad (107ms)
				ProcessInitializeOnLoadAttributes (761ms)
				ProcessInitializeOnLoadMethodAttributes (148ms)
				AfterProcessingInitializeOnLoad (7ms)
				EditorAssembliesLoaded (0ms)
			ExecutionOrderSort2 (0ms)
			AwakeInstancesAfterBackupRestoration (7ms)
Platform modules already initialized, skipping
Refreshing native plugins compatible for Editor in 1.01 ms, found 2 plugins.
Preloading 0 native plugins for Editor in 0.00 ms.
Unloading 1501 Unused Serialized files (Serialized files now loaded: 0)
System memory in use before: 143.5 MB.
System memory in use after: 140.0 MB.

Unloading 28 unused Assets to reduce memory usage. Loaded Objects now: 2078.
Total: 27.390700 ms (FindLiveObjects: 0.167500 ms CreateObjectMapping: 0.052100 ms MarkObjects: 25.364800 ms  DeleteObjects: 1.804500 ms)

AssetImportParameters requested are different than current active one (requested -> active):
  custom:framework-win-MediaFoundation: 216162199b28c13a410421893ffa2e32 -> 
  custom:video-decoder-ogg-theora: a1e56fd34408186e4bbccfd4996cb3dc -> 
  custom:container-muxer-webm: aa71ff27fc2769a1b78a27578f13a17b -> 
  custom:container-demuxer-webm: 4f35f7cbe854078d1ac9338744f61a02 -> 
  custom:container-demuxer-ogg: 62fdf1f143b41e24485cea50d1cbac27 -> 
  custom:video-encoder-webm-vp8: eb34c28f22e8b96e1ab97ce403110664 -> 
  custom:video-decoder-webm-vp8: 9c59270c3fd7afecdb556c50c9e8de78 -> 
  custom:audio-decoder-ogg-vorbis: bf7c407c2cedff20999df2af8eb42d56 -> 
  custom:audio-encoder-webm-vorbis: bf7c407c2cedff20999df2af8eb42d56 -> 
